Arguments: 
  /Users/colinmcd94/.nvm/versions/node/v14.15.1/bin/node /Users/colinmcd94/.config/yarn/global/node_modules/.bin/yarn

PATH: 
  /Library/Frameworks/Python.framework/Versions/3.9/bin:/Users/colinmcd94/.edgedb/bin:/Users/colinmcd94/mongodb/bin:/Users/colinmcd94/.config/yarn/global/node_modules/.bin:/usr/local/Cellar/node/8.1.0_1/bin:/opt/local/bin:/opt/local/sbin:/Users/colinmcd94/.deno/bin:/Users/colinmcd94/perl5/perlbrew/bin:/Users/colinmcd94/perl5/perlbrew/perls/perl-5.28.0/bin:/Users/colinmcd94/.nvm/versions/node/v14.15.1/bin:/Users/colinmcd94/.yarn/bin:/Users/colinmcd94/.config/yarn/global/node_modules/.bin:/Library/Frameworks/Python.framework/Versions/2.7/bin:/usr/local/bin:/usr/bin:/bin:/usr/sbin:/sbin:/usr/local/go/bin:/usr/local/MacGPG2/bin:/Library/Frameworks/EdgeDB.framework/bin:/opt/X11/bin:/Library/Apple/usr/bin:/Users/colinmcd94/.cargo/bin:/usr/local/bin:~/.cargo/bin:/Users/colinmcd94/Documents/Projects/flutter/bin:/Library/Java/JavaVirtualMachines/1.6.0.jdk/Contents/Home:/Library/gurobi651/mac64/bin/:/Applications/Julia-0.4.5.app/Contents/Resources/julia/bin/julia:/Users/colinmcd94/Library/Android/sdk/tools:/Users/colinmcd94/Library/Android/sdk/platform-tools

Yarn version: 
  1.13.0

Node version: 
  14.15.1

Platform: 
  darwin x64

Trace: 
  Error: ENOTDIR: not a directory, scandir '/Users/colinmcd94/Library/Caches/Yarn/v4/npm-edgedb-0.0.0-0717a557-335c-4caf-9208-27b3ed2bfa6a-1623367952742/node_modules/edgedb'

npm manifest: 
  {
    "name": "query-builder",
    "version": "1.0.0",
    "description": "",
    "main": "index.js",
    "scripts": {
      "test": "echo \"Error: no test specified\" && exit 1"
    },
    "keywords": [],
    "author": "Colin McDonnell",
    "license": "ISC",
    "dependencies": {
      "@types/node": "^15.12.2",
      "edgedb": "file:../../js/src/index.node.ts"
    }
  }

yarn manifest: 
  No manifest

Lockfile: 
  # THIS IS AN AUTOGENERATED FILE. DO NOT EDIT THIS FILE DIRECTLY.
  # yarn lockfile v1
  
  
  "@types/node@^15.12.2":
    version "15.12.2"
    resolved "https://registry.yarnpkg.com/@types/node/-/node-15.12.2.tgz#1f2b42c4be7156ff4a6f914b2fb03d05fa84e38d"
    integrity sha512-zjQ69G564OCIWIOHSXyQEEDpdpGl+G348RAKY0XXy9Z5kU9Vzv1GMNnkar/ZJ8dzXB3COzD9Mo9NtRZ4xfgUww==
  
  edgedb@../../js/src:
    version "0.0.0"
